[debug] ----------------------------------------------------------------------
[debug] Command:      /usr/local/bin/node /usr/local/bin/firebase deploy --only functions
[debug] CLI Version:  3.7.0
[debug] Platform:     darwin
[debug] Node Version: v6.9.1
[debug] Time:         Sat May 13 2017 00:19:27 GMT+0200 (CEST)
[debug] ----------------------------------------------------------------------
[debug] 
[debug] > command requires scopes: ["email","openid","https://www.googleapis.com/auth/cloudplatformprojects.readonly","https://www.googleapis.com/auth/firebase","https://www.googleapis.com/auth/cloud-platform"]
[debug] >>> HTTP REQUEST GET https://admin.firebase.com/v1/projects/apochecklistdemo  
 Sat May 13 2017 00:19:27 GMT+0200 (CEST)
[debug] <<< HTTP RESPONSE 200
[debug] >>> HTTP REQUEST GET https://admin.firebase.com/v1/database/apochecklistdemo/tokens  
 Sat May 13 2017 00:19:28 GMT+0200 (CEST)
[debug] <<< HTTP RESPONSE 200
[info] 
[info] === Deploying to 'apochecklistdemo'...
[info] 
[info] i  deploying functions
[debug] > [functions] package.json contents: {
  "name": "functions",
  "description": "Cloud Functions for Firebase",
  "dependencies": {
    "firebase-admin": "^4.2.1",
    "firebase-functions": "^0.5.7",
    "node-mailjet": "^3.0.6",
    "nodemailer": "^4.0.1"
  },
  "private": true
}
[info] i  functions: ensuring necessary APIs are enabled...
[info] i  runtimeconfig: ensuring necessary APIs are enabled...
[debug] >>> HTTP REQUEST GET https://servicemanagement.googleapis.com/v1/services/cloudfunctions.googleapis.com/projectSettings/apochecklistdemo?view=CONSUMER_VIEW  
 Sat May 13 2017 00:19:30 GMT+0200 (CEST)
[debug] >>> HTTP REQUEST GET https://servicemanagement.googleapis.com/v1/services/runtimeconfig.googleapis.com/projectSettings/apochecklistdemo?view=CONSUMER_VIEW  
 Sat May 13 2017 00:19:30 GMT+0200 (CEST)
[debug] <<< HTTP RESPONSE 200
[info] ✔  runtimeconfig: all necessary APIs are enabled
[debug] <<< HTTP RESPONSE 200
[info] ✔  functions: all necessary APIs are enabled
[debug] >>> HTTP REQUEST GET https://appengine.googleapis.com/v1/apps/apochecklistdemo  
 Sat May 13 2017 00:19:32 GMT+0200 (CEST)
[debug] >>> HTTP REQUEST GET https://apikeys.googleapis.com/v1/projects/apochecklistdemo/apiKeys  
 Sat May 13 2017 00:19:32 GMT+0200 (CEST)
[debug] <<< HTTP RESPONSE 200
[debug] <<< HTTP RESPONSE 200
